-- 1 --
Sufijo incorrecto para el archivo objeto %s\n
utilizando -p, ignorando la opción -q%c\n
utilizando -qp, ignorando la opción -q%c\n
utilizando -q%c, ignorando la opción -p\n
utilizando -q%c, ignorando la opción -qp\n
No existe el trazador de perfil %sprof\n
%s %s\n
Subargumento no válido: -W%s\n
Argumento no válido: -Y %s\n
Demasiados argumentos: -Y %s,%s,%s\n
opción incorrecta -B%s\n
opción incorrecta -d%c\n
opción incorrecta -d%s\n
opción incorrecta -Q %c\n
opción incorrecta -X%c\n
Argumento incorrecto para el indicador -K, '-K %s'\n
La opción -%c requiere un argumento\n
Uso: cc [ -%s ] archivos ...\n
%cprof y optimización se excluyen mútuamente; -O desactivado\n
%cprof no está disponible\n
-o sobreescribiría %s\n
usando %s, ignorando el resto de las opciones -X\n
%s:\n
Opción -S conflictiva con %s\n
Opción -%c conflictiva con %s\n
Falló el profiler(entorno), '-q %c' ignorado para %s\n




No se puede usar -YP con -YF\n
Opción errónea -Y %s,%s\n
el nombre del comando debe acabar en \"%s\"\n
espacio insuficiente\n
proceso: %s\n
No se puede ejecutar %s\n
Tabla de proceso llena - inténtelo de nuevo más tarde\n
Se ha perdido %s - ¡No hay proceso hijo!\n
Se ha volcado la imagen del proceso %s con la señal %d\n
Se salió del proceso %s con el estado %d\n
No se puede desplazar %s a %s\n
no se pueden crear archivos provisionales: %s\n
Nombre de paso no reconocido: '%s%c\n'
Demasiados archivos para calcular el rendimiento\n
La opción -Z requiere un argumento\n
Argumento incorrecto para el indicador -Z\n
Argumento incorrecto para el indicador -Zp\n
Falló el optimizador, -O ignorado para %s\n
\t[-A nombre[(testigos)]]: asocia el nombre como predicado con\n
\t\ta los testigos específicos como si se tratase de una directiva de\n\t\tpreprocesamiento #assert.\n
\t[-B c]: c puede ser tanto dinámico como estático.\n
\t[-C]: hace que la fase de preprocesamiento comunique todos los\n\t  comentarios.\n
\t[-c]: suprime la fase de edición de enlaces de la compilación y\n
\t\tmantiene los archivos objetos generados.\n
\t[-D nombre[=testigos]]: asocia el nombre a los testigos específicos\n
\t\tcomo si se tratase de una directiva de preprocesamiento\n\t\t#define.\n
\t[-d c]: c puede ser y o n. -dy especifica un enlace dinámico\n
\t\ten el editor de enlace. -dn especifica un enlace estático.\n
\t[-E]: preprocesa únicamente los archivos C denominados y envía los\n\t  resultados\n
\t\ta la salida estándar.\n
\t[-e optarg]: pasa al editor de enlace.\n

\t[-G]: ordena al editor de enlace que genere objetos compartidos.\n
\t[-g]: hace que el compilador genere información adicional\n
\t\tnecesaria para el uso de sdb.\n
\t[-H]: imprime el nombre de vía de acceso de cada archivo incluido\n\tdurante\n
\t\tla compilación actual en la salida de errores estándar.\n
\t[-h optarg]: pasa a un editor enlazar.\n
\t[-I dir]: modifica la búsqueda de archivos incluidos cuyos nombres no\n
\t\tcomienzan con / para buscar en dir antes que en los directorios\n\t\tusuales.\n
\t[-K [mode,goal,PIC,minabi]]: -K mode compilará los archivos C\n
\t\tdenominados en el modo de coma flotante indicado. -K goal\n\t\ttransmite\n
\t\tla información necesaria al optimizador. -K PIC motiva la\n
\t\tgeneración del código independente de la posición PIC. -K minabi\n\t\tobliga\n
\t\ta la compilación del sistema a utilizar la biblioteca C, la cual\n\t\tminimiza\n
\t\tlos enlaces dinámicos.\n
\t[-L dir]: añade dir a la lista de directorios que se buscan\n
\t\t que el editor de enlaces busca la librería.\n
\t[-l nombre]: busca el nombre de librería libname.a o libname.so.\n
\t[-O]: dispone la optimización de la fase de compilación.\n
\t[-o vía_de_acceso]: genera como resultado una vía de acceso del archivo\n\tobjeto, en lugar de\n
\t\tdel resultado por defecto a.out.\n
\t[-P]: preprocesa únicamente los archivos C denominados y mantiene el\n\tresultado\n
\t\ten los archivos correspondientes cuto sufijo es .i.\n
\t[-p]: dispone de forma que el compilador genera un código que cuenta\n
\t\tel número de veces que se llama cada rutina.\n
\t[-Q c]: c puede ser y o n. -Qy indica identificación\n
\t\tde identificación correspondiente a cada herramienta de\n\t\tcompilación invocada será\n
\t\tañadida a los archivos de salida. -Qn suprime dicha información.\n
\t[-q c]: c puede ser l o p. -ql se dispone para la producción\n
Origen de datos referentes a cobertura: %s\n
\t\tse ejecuta.-qp es sinónimo de -p.\n
\t[-S]: compila pero no ensambla o edita enlaces en los archivos C denominados.\n
\t[-U nombre]: causa que se ignore cualquier definición de nombre.\n
\t[-u optarg]: pasa al editor de enlace.\n
\t[-V]: causa que cada herramienta invocada imprima la información\n\tsobre la versión\n
\t\ten la salida de errores estándar.\n
\t[-v]: causa que el compilador efectúe más verificaciones semánticas con\n\tmayor exactitud\n
\t\t y permite asimismo verificaciones de tipo lint en los archivos\n\t\t C denominados.\n
\t[-W herram,arg1[,arg2 ...]]: transmite los argumentos \"arg(x)\"\n
\t\tde manera separada a la herramienta.\n
\t[-X c]: especifica el nivel de conformidad con el estándar ANSI C.\n
\t[-Y elem,dir]: especifica un nuevo directorio para el elemento.\n
\t[-z optarg]: pasa al editor de enlace.\n
\t[-#]: activa la información de depuración.\n
\t[-?]: visualiza el uso de las opciones cc.\n
%s\n
\t[-Zp[124]]: estructura de paquete para i386 acomp.\n
EOF en comentario
constante carácter vacía
[%s en %s
EOF
nuevalínea
cadena literal
constante carácter
testigo demasiado largo
carácter de origen no válido: '%c'
carácter de origen no válido: <%#x>
asgop ambiguo
tamaño desconocido
tipo %d ambiguo en cg_tconv()
cg_pushlc:  ya se ha guardado lc
cg_poplc: no se ha guardado lc
inicializador no válido
cg_inflush() ambiguo
ignorado el acceso mediante puntero \"void\"
tipo de almacenamiento extraño %d en cg_p2tree()
cg_p2tree() ambiguo
No hay espacio disponible para cgp
caja tipográfica duplicada en conmutador: %d
cg_asmold() ambiguo
el argumento asm() ha de ser una constante de cadena normal
no se permite la existencia de un NUL intercalado en asm()
unidad de traducción vacía
no se soporta todavía \"long double\"; se está utilizando \"double\"
no se soporta todavía \"long double\"
cg_printf(): fmt char %c erróneo
combinación de tipo no válida
el tipo de almacenamiento después de tipo es obsoleto
sólo se permite un tipo de almacenamiento
auto/registrar/asm no es apropiado en está posición
dcl_tycl() ambiguo sobre la clase %d, contexto %d
valor de tipo/clase no autorizado
el operando izquierdo de \".\" ha de ser un objeto struc/unión
no se puede acceder a miembro de objeto non-struc/unión
referencia equívoca a la deftype de %s: %s
dcl_name() ambiguo
insuficiencia de declaraciones en el stack
utilice \"double\" en lugar de \"long float\"
sobreescribiendo el identificador de símbolo previo %d por %s
¿estructura arborescente sin punteros?
declnode no PTR
sólo se permiten calificadores después de *
matriz demasiado grande
se ha vuelto a declarar el parámetro: %s
ANSI C requiere un parámetro formal antes de \"...\"
dimensión nula: %s
no se puede declarar una matriz de funciones o void
la función no puede tener como resultado una función o matriz
los parámetros prototipo de la función deben poseer tipos
no se puede gestionar DN op %d\n
calificadores no adecuados con \"void\"
el parámetro void no puede tener un nombre: %s
dcl_f_rp() ambiguo
dcl_rp() sobreescribe el identificador de símbolo %d
el parámetro no figura en la lista de identificadores: %s
la definición de asm no puede contener parámetros antiguos
el parámetro asciende de forma diferente en ANSI C: %s
dcl_e_formal(1) ambiguo
dcl_e_formal(2) confufso
falta el nombre del parámetro formal: parám nº%d
el tipo no concuerda con el prototipo: %s
discrepancia de parámetros: se ha definido %2$d, se declara %1$d
nivel de objetivo %d ambiguo en salida de la función
no existe un símbolo para el declarador
DS_ABS en DCL_TOP
error de sintaxis, falta probablemente \",\", \";\" o \"=\"
definición de la función ()-less
\t\tdel código que calcula el número de veces de cada línea de\n\t\torigen\n
no se puede inicializar el parámetro: %s
no existe un estado DS_ABS asociado al contexto DCL_ABS
contexto erróneo %d en dcl_norm()
error de sintaxis: declaración vacía
nombre erróneo en dcl_defid()
la función asm no puede contener \"...\"
dcl_sue_type() ambiguo, %#o
%s se halla en la definición de la función asm
se espera dcl_param()
no se puede inicializar la declaración \"extern\": %s
se vio SC_REGISTER en dcl_defid()
tipo de almacenamiento %d desconocido
no se puede inicializar typedef : %s
no se puede inicializar la función: %s
clase %d confusa
estado %d ambiguo
clase %d confusa en dcl_defid()
el objeto de const debería disponer de un inicializador: %s
la función genera una precisión double: %s
el objeto de const debería disponer de un inicializador: %s
dcl_sue_tname() ambiguo
el tipo de base es realmente \"%s %s\": %s
la declaración introduce un nuevo tipo en ANSI C: %s %s
declaración inservible
la deftype no declara ningún nombre de tipo
la etiqueta (%s) ha sido redeclarada: %s
etiqueta equívoca en el prototipo de función: %s %s
no se han declarado constantes de enumeración: enum %s
declaración %s equívoca; utilice únicamente la etiqueta: %s
declaración de la etiqueta equívoca: %s %s
miembro %s no dispone de un nombre
tamaño del campo de bits <= 0: %s
tipo de campo de bits no transferible
campo de bits demasiado grande: %s
tipo no válido para el campo de bits: %s
un miembro no puede ser una función: %s
nombre de miembro duplicado: %s
tamaño de estruc/unión igual a cero
struc/unión no tiene miembros denominados
la sintaxis requiere la existencia de \";\"  tras el último miembro de estruc/unión

la constante de enumeración esconde el parámetro: %s
el valor del enumerador sobrepasa a INT_MAX (%ld)
enumerador utilizado en su propio inicializador: %s
se prohibe el uso de \",\" al final de la declaración de la enumeración
no se puede recuperar de los errores precedentes
%s situado delante o en: %.*s
La función no existe
indicador erróneo para open_function
leyendo final del archivo
in_end() ambiguo, nivel %d
no se puede gestionar la caja tipográfica %d en in_end()
se requiere el inicializador delimitado por {}
se requiere el inicializador de valor estruct/unión
se llamó in_init() junto con NIL
se ignoró %d byte(s) extra(s) del inicializador de la constante de cadena
el inicializador no encaja
inicializador no constante: op \"%s\"
%s: %#x
%s: %ld
in_pop(): demasiado popping
stack ambiguo en in_nextelem()
demasiados inicializadores estruc/unión
miembro de estructura incorrecto en nextelem()
demasiados inicializadores de matriz
demasiados inicializadores para scalar
salto de línea en constante cadena
salto de línea en constante carácter
testigo incorrecto: %.*s%s
lx_e_getc() no sincronizado
lx_ungetc() no sincronizado
curtoken no nulo en lx_s_sharp()
__asm es una extensión en ANSI C
la secuencia de escape a base de caracteres no encaja en el carácter compuesto
la secuencia de escape a base de caracteres no encaja en el carácter
carácter multibyte no válido
espacio insuficiente en doescape()
\\a es el carácter \"alert\" de ANSI C
secuencia de escape equívoca: \\%c
secuencia de escape equívoca: \\<%#x>
\\x se utiliza como la secuencia de escape hexadecimal en ANSI C
\\x no va seguido de dígitos hexadecimales
desborde de secuencia de escape hexadecimal
tamaño de wchar_t desconocido
-Q erróneo
estilo de asignación '%c' desconocido
versión de lenguaje '%c' desconocida
¿versión de lenguaje \"%s\"?
-Z no válido
¿tipo de código de bucle %c?
¿tipo de bucle %c?
-d%c?

no se puede abrir %s
error de escritura del archivo de salida
la conversión de la constante en coma flotante genera problemas
op_cascade() ambiguo
op_plus:  clase inesperada %d
op_su() ambiguo, op %d
NOMBRE extraño en op_conv()
op_tysize: tipo erróneo
al_regsort(): memoria insuficiente
al_e_block() ambiguo
sh_proc() obtuvo un código incorrecto %d de cpp
control desconocido: \"%s\"
se espera una constante de cadena después de #ident
se espera una constante de cadena después de #line
se espera una constante de cadena después de #file
se ignoró el #pragma desconocido: %.*s
 \"#pragma\" no va seguido de testigos
ignorando el #pragma strict_ieeefp(modo) incorrectamente formado
ignorando el #pragma pack(n) incorrectamente formado
valor en #pragma pack erróneo: %d
pragma weak: %%2 en la única versión de identificación
pragma weak: %%%c desconocido
ignorando incorrectamente formado #pragma weak símbolo [=valor]
debe poseeer el tipo \"respuesta-de la función:valor entero sin signos\": %s
ignorando el símbolo en #pragma int_to_unsigned incorrectamente formado
%s ha de ser una función declarada
insuficiencia de bloques en el stack, %d
sobreescribiendo valores por defecto
no se introdujo el bucle en la posición superior
declaración no alcanzada
sm_sp erróneo en sm_begf(), %d
sm_sp erróneo en sm_endf(), %d
se redifinió la etiqueta: %s
código %d erróneo en sm_lp_start()
no se alcanzó el código de final de bucle
sm_lp_end() ambiguo
\"break"\ bucle externo o conmutador
\"continue\" bucle externo
la función espera dar como resultado el valor: %s
\"case\"  conmutador externo
etiqueta de caja tipogáfica inalcanzable
la etiqueta de la caja tipográfica se ha visto afectada por la conversión
expresión de caja tipográfica no uniforme
\"default\" conmutador externo
\"default\" duplicado durante la conmutación
memoria insuficiente en st_save()
memoria insuficiente en st_lookup()
%s no definido
se está suprimiendo la entrada incorrecta
se llamó la función estática pero no se definió: %s()
Etiqueta no definida: %s
etiqueta no usada: %s
se está ocultando el símbolo no situado en el nivel superior
intento de abandonar el nivel de accesibilidad : %d
un operando no puede poseer un tipo void: op \"%s\"
constante entera demasiado larga
dígito octal erróneo: '%c'
modificador int erróneo
la conversion de la constante en coma flotante a %s se halla fuera de rango
error de sintaxis: \"&...\"  no válido
se espera una expresión de constante entera
uso de miembro no adecuado: %s
miembro estruc/unión no definido: %s
miembro no-único requiere estruct/unión%s: %s
se está declarando implícitamente que el resultado de la función será int: %s()
símbolo no definido: %s
se está utilizando una declaración fuera de alcance: %s
no se puede ejecutar la función sizeof: %s
no se puede ejecutar sizeof void
no se puede ejecutar sizeof en el campo de bits: %s
imposible gestionar OP %s
el primer operando debe poseer el tipo escalar: op \"?:\"
combinación de puntero/número entero no adecuada: op \":\"
no se puede efectuar la aritmética de punteros en operando de tamaño desconocido
tamaño de operando desconocido: op \"%s\"
la constantes de enumeración poseen diferentes tipos: op \"%s\"
los operandos poseen tipos de puntero incompatibles: op \"%s\"
el indicador de función no pertenece al tipo de la función
prototipo
argumento
el resultado no puede ser un tipo incompleto
las expresiones void pueden no ser argumentos: arg nº%d
un argumento no puede poseer un tamaño desconocido: arg nº%d
el argumento no coincide con el tipo en memoria: arg nº%d
no se puede tomar la dirección del campo de bits: %s
%s: %s
operando inaceptable para & unario
imposible quitar la referencia a un tipo sin puntero
las expresiones de control han de ser de tipo escalar
tamaño de operando desconocido: op \"=\"
el operando izquierdo de \".\" debe poseer el valor izquierdo en este contexto
combinación de puntero/número entero no adecuada: op \"=\"
combinación de puntero/número entero no adecuada: arg nº%d
conversión no adecuada de la expresión void
argumento no autorizado para tr_conv()
tr_promote(): ND1NIL en el análisis de la estructura arborescente
la función void no genera como resultado un valor
tr_contotptr(): . no es el valor izquierdo
No se puede tomar la dirección del registro: %s
los operandos deben poseer el tipo %s: op \"%s\"
no puede tener un objeto void: %s
estruct/unión/enumeración incompleto %s: %s
\"%s\", línea %d: advertencia 
\"%s\", línea %d: 
\"%s\", línea %d: error de compilador interno:  
THE_TIME %d\n
%s: %s\n
no se puede concatenar las constantes de cadena amplias y regulares
CALL_SID %s(%d)\n
se está modificando la deftype con \"%s\"; sólo se permiten los calificadores
ANSI C funciona de modo diferente; no se está modificando typedef con \"%s\"
subíndice igual a cero o número negativo
\"void\" ha de ser el único parámetro
\"asm\" se considera únicamente válido para la definición de funciones
sólo se considera válido \"register\" como tipo de almacenamiento de parámetros formales

la constante de cadena debe ser el único inicializador de matriz
typedef ya ha sido modificado con \"%s\"
la conversión a float está fuera de rango
la conversión a double está fuera de rango
la expresión de conmutación debe poseer un tipo entero
la semántica de \"%s\" varía en ANSI C; utilice la conversión explícita
ANSI C considera la constante como una constante sin signos: op \"%s\"
constante de carácter demasiado larga
los operandos poseen tipos incompatibles: op \"%s\"
discrepancia de tipos de enumeración: op \"%s\"
discrepancia de tipos de enumeración: arg nº%d
una conversión no produce un valor izquierdo
el operando izquierdo de \"->\" debe ser un puntero hacia estruc/unión
sustracción de puntero incorrecta
discrepancia %s: %d se pasó el arg%s, se esperaba el %d
No se puede tomar la dirección del registro

identificador redeclarado: %s
faltan especificadores en la declaración: se está asumiendo como tal \"int\"
no se puede ejecutar la función sizeof
formato no autorizado para la opción simbólica -B
\t[-B sortbss asigna direcciones contiguas a los símbolos bss en cada\n\t\tarchivo de entrada]\n
El archivo estadístico legible (-P) no se encuentra disponible con el formato de\nresumen (-s).\n
El archivo legible de cuenta (-P) no se encuentra disponible con el formato de\nejecución (-x).\n
El archivo legible de cuenta (-P) no se encuentra disponible con la opción\nfusión (-m).\n
archivo de cubierta incorrecto %s
timesof: no se conoce este op %d\n
Indicador no válido '%c'\n
último desplazamiento: no se encontró
tipo de candidato desconocido\n
¿longitud de operando?\n
¿nueva longitud de operando?\n
rev_op_add_pop: op inesperado %d\n
rev_op: op inesperado %d\n
rem_pop: op inesperado\n
rem_pop: longitud inesperda, op = %d long = %d\n
rem_pop_s2m: no se conoce este op %d\n
conmutar_entre_ops: no existe referencia a memoria\n
escribir en la variable global lo que fue asignado al registro y a la operación de lectura de puntero
sched: no se puede efectuar malloc\n
los cálculos depasan el límite, valor inicial %d máx autorizado %d resultado\n%d\n
MARC: el desplazamiento es %d\n
la depuración y al optimización se excluyen mútuamente; -g desactivado\n
discrepancia de argumento
el argumento de macro no posee testigos
anidamiento de la macro demasiado profundo
recurrencia de macro
testigo erróneo en la instrucción #error
falta el nombre de archivo en la instrucción #include
sin nombre de archivo después de la expansión
nombre de archivo vacío
nombre de encabezado vacío
sin \">\" finales en \"#include <...\"
especificación de archivo errónea
no se puede utilizar 0 en la instrucción nº <número> de instrucción
no se puede utilizar 0 en la instrucción #line
se espera una constante de cadena después de # <número>
se espera una constante de cadena después de #line <número>
se espera un identificador o una secuencia de dígitos después de \"#\"
se espera una secuencia de dígitos después de \"#line\"
sin testigos en instrucción #line
sin testigos después de la expansión
sin testigos después de la expansión
no se puede abrir el archivo include (hay demasiados archivos abiertos)
no se puede encontrar el archivo de inclusión
#include de /usr/include/... puede no ser transferible
%s situado en línea %ld no posee un #endif concordante
no existe un #if que preceda a #elif
#elif debe ir seguido de una expresión constante
#elif está situado después de #else
no existe un #if que preceda a #else
demasiados #else
#endif sin #if
#if debe ir seguido de una expresión constante
#idef debe ir seguido de un identificador
#ifndef debe ir seguido de un identificador
preprocesamiento de un archivo .i
testigo no válido
testigo de entrada no válido
error de E/S stderr
malloc() falla"), "
realloc() falla"), "
no se puede abrir 
La opción -X combina con diferentes argumentos
El indicador -X debe poseer un único argumento
se especificaron más de dos archivos
uso: [-BCEHPV] [-Anombre[(valor)] ...] [-Dnombre[=valor] ...] [-U nombre ...]\n
\t[-Idir ...] [-X[tac]] [-Ydirectorio] [entrada [salida]]\n
instrucción #assert vacía
se espera el \"#assert identifier\"
se espera el \"#assert identificador (...\"
no hay testigos después de \"#assert name (\"
faltan testigos entre los paréntesis
\"#assert\" carece de \")\"
se ignoran los testigos situados tras -A
se espera un identificador o \"-\" después de -A
se espera un identificador después de \"#\"
se espera \"(\" después de \"# identificador\"
se esperan testigos después de \"# identifier (\"
se esperan testigos entre los paréntesis
falta \")\"
instrucción #unassert vacía
#unassert requiere un testigo identificador
se esperan testigos después de \"(\"
se espera \")\"
argumento de predicado vacío
se espera \"(\"  después del primer identificador
la macro de ANSI C definida prealablemente no puede volver a ser definida
no se puede definir \"defined\"
macro redefinida
no se está definiendo __STDC__
la macro de ANSI C definida prealablemente no puede perder su definición
no se puede dejar sin definir \"defined\"
El argumento asociado a la opción -D no es un identificador
El argumento asociado a la opción -D no va seguido de \"=\"
El argumento asociado a la opción -U no es un identificador
se ignoran los testigos situados después de "-U{identificador}\"
línea de instrucción #define vacía
#define requiere un nombre de macro
la lista de parámetros de la macro #define está incompleta
testigo no válido en los parámetros de la macro #define
error de sintaxis en los parámetros de la macro
parámetro formal duplicado
uso incorrecto de "#\" o \"##\" en la macro #define
no se puede dar comienzo a la sustitución de la macro con \"##\"
\"#\" en la macro #define va seguido de un identificador no formal
se reemplaza el comentario por \"##\"
el comentario no enlaza testigos
no 
sustitución de macro dentro de 
\"#\" debe ir seguido de un identificador formal en #define
no se puede finalizar la sustitución de macro utilizando \"#\" o \"##\"
la instrucción #undef está vacía, se espera el identificador
se espera un identificador después de #undef
testigo no válido en la instrucción
se ignoran los testigos al final de la línea de instrucción
numero esperado
no se permite un testigo en la instrucción
falat el operador
 \")\" inesperado
\"[\" inesperado
falta el operando
División por cero
módulo por cero
se ha respetado la condición de existencia de más de un carácter en la constante carácter
el operando no ha sido tratado como un operando sin signos
paréntesis mal emparejados
\"?\" and \":\" mal emparejados
expresión de constante vacía después de la expansión de macro
\"%s\", línea %ld: error\n
\"%s\", línea %ld: error: %.*s\n
\"%s\", línea %ld: fatal: %s%c
línea de comando: fatal: %s%c
\"%s\", línea %ld: %s 
línea de comando: %s: 
\"%s\", línea %ld: advertencia: %s: 
línea de comando: advertencia: %s: 
\"%s\", línea %ld: 
línea de comando: 
\"%s\", línea %ld: advertencia 
línea de comando: advertencia 
%s: Error interno: Línea %ld: %s 
%s: indicador perf erróneo %c\n
cpp: %s %s\n
la instrucción no ha sido respectada en la lista de argumentos de macros
#include <...falta'>'
fp_in2ex: exponente (1) erróneo
fp_in2ex: exponente (2) erróneo
fp_in2ex: exponente (3) erróneo
fp_in2ex: junk en parte superior de la palabra
fp_xtol: número incorrecto
fp_special: op %d impar
fp_lshift: bits que se pierden
mp_sub: acarreo de suma sin destino definido
mp_shift: n erróneo
mp_toi: no existen bits
dfp_exp(): factor %d desconocido
fp_xtoa(): número ambiguo
Falló operación alloc
unresolved_branch
¿lista de constantes errónea?
salida de hoja no identificada en hash
la parte izquierda de la operación de asignación no es un objeto
el objeto debe situarse bajo una operación unaria y
Tipo de operador erróneo en la copia de la estructura arborescente
No se encontró ningún código ejecutable en el bloque %d
no se encontró el origen de cse en el bloque
loop_build(): desequilibrio entre el comienzo y el final del bucle
loop_lend(): stack vacío inesperado
loop_lcond(): stack vacío inesperado
Código de patrón erróneo
Aparición de una definición errónea de la variable de índice
código de operación erróneo
Operando fp erróneo
Operando erróneo
%s en el archivo: %s línea: %d\n
callreg genera como resultado un par erróneo
falla la asignación, op %s
el registro ya ha sido liberado con anterioridad
registro grande
recuperación ilegal, op %s
error de asignación de registros
non-REG en reallo
fallo de almacenamiento
rewcom está FREE
imposible tratar con el op %s
el tipo asociado al campo de bits no es válido
rewass0
rewass1
rewass2
stocm
Agotados los registros
imposible guardar las Instrucciones asociadas a INCALL
Imposible generar una CALL en línea
ctest falla
no existen opciones asociadas a RS_MOVE
cfix rs_reclaim falla
problema de cfix
memoria insuficiente [tstr()]
fallo de concordancia COMOP
¡los subárboles comparten los mismos registros!
los registros de la izquierda están disponibles prematuramente
los registros de la derecha están disponibles prematuramente
¡la segunda parte del resultado no está disponible!
no se aceptan en este momento las llamadas asm anidadas
asm arborescente erróneo, as_gencode()
genfargs() ambiguo
el código in-line ha agotado todos los registros
Fallo al asignar código en línea a TEMP\n
memoria insuficiente para as_save()
falló myrealloc
as_start() ambiguo
se ha agotado la memoria al definir asm %s
secuencia as_param()
secuencia as_e_param()
secuencia as_putc()
secuencia as_end()
asm desconocido %s
no se puede obtener el bloque de argumentos, as_expand()
as_doargs() ambiguo
error en asm; se esperaba \";\" o \"\\n\", enpantalla apareció '%c'
carácter inesperado en la línea %% de asm: '%c'
clase no válida en la línea %% de as: %.*s
se encontró el error %% en la función asm
falta el nombre del parámetro formal en la línea %%
el nombre que aparece en la línea %% de asm no es un nombre formal: %.*s
nombre duplicado en la especificación de línea %%: %.*s
no existen parámetros efectivos asociados a los parámetros formales de asm: %.*s
¿tipo de almacenamiento asm?
ttipo(0%o)
opción D errónea
D erróneo
~ incorrecto después de S o H
? incorrecto después de S, M o N
FLD asociado a %c erróneo
¿produce esta constante efectos secundarios?
getlr erróneo: %c
tabal de caracteres errónea en (): %c
spshape
rango de configuración incorrecto
llamada especial errónea
Nodo erróneo entre SWBEG y SWEND
la constante de conmutación es de tipo no autorizado
SWCASE no está en el conmutador
Rango de caja tipográfica inverso
SWEND no se halla en la conmutación
Tipo erróneo asociado a la asignación
espacio de memoria desconocido asociado a off_conv()
espacio de stack desconocido asociado a off_bigger()
espacio de memoria desconocido asociado a off_error()
espacio de stack desconocido asociado a off_init()
** Puntero de valor nulo en p2print**
gtsize(TSTRUCT)
Tipo erróneo asociado al tamaño
El puntero del archivo de salida es NULL
El puntero del archivo de salida del programa de depuración es NULL
Resultado inesperado de la estructura
paint: nodo recibido erróneo
extract_lhs erróneo
Extracto_derecha erróneo
Semiasg malogrado
Identificador de cse desconocido
se transfirió un nodo erróneo a csecopy\n
Registro erróneo asociado a cse
Número de registro erróneo en la matriz r_caller
El registro ha sido definido para ser eliminado y para ser conservado
nodo erróneo en uncomma
Internal: tipo de operador erróneo
semi_to_first
se llamó unprot() sin la existencia de un protect() concordante
sincode: obtención de nodo no apropiado
sincode: tamaño erróneo asociado al inicializador
defnam(): no se ha implantado todavía ICOMMON
obligar
dlabel
genbr
genbr1
rcomma
el tamaño del argumento es demasiado grande
memoria insuficiente
count_refs: LTYPE %o inesperado
no se puede obtener más espacio para %s
contador situado en posición no autorizada
¿despareció el archivo que contiene las cadenas?
insuficiencia de números en coma flotante en el stack
desborde de números en coma flotante en el stack
fp_save(): stack vacío
fp_save: operador erróneo: %d
fp_xch: valor de intercambio no autorizado: %d
fp_suffix(): tipo no autorizado
argumento no autorizado asociado a ZE
un operando de mayor precisión debe figurar en el stack
Operación errónea en la macro Z2: %d
Cálculo ZL erróneo
ZL erróneo
Zd%c erróneo
macro ZM malograda
operador Z+ erróneo %s
macro Z malograda %c
Identificador de CSE desconocido
nodo ambiguo en conput
insput
starput: posición no autorizada del nodo ICONO: %s
 findstar ambiguo, op %s
adrput: U& situado sobre un nodo no direccionable
adrput: dirección no autorizada
upput: modo de direccionamiento ambiguo
acon:  posición no autorizada del nodo ICONO: %s
se utilizó una configuración especial
rs_move erróneo
blockmove: no se soporta BMOVEO
Se transfirión un nodo erróneo a la macro ZM
blockmove: No se aceptan los cambios de longitud de la variable
costex(): no se ha llevado a cabo la importación en i386 CG\n
código op_loop erróneo %d
operador %d incorrecto en sadrput()
clase %d incorrecta en op_symbol
incby: operador de nodo incorrecto
la conversión de doble a entero está fuera del rango
división por 0
módulo por 0
el cálculo de la constante en coma flotante está fuera del rango: op \"%s\"
número de desplazamientos negativo o demasiado numeroso: %s %ld
se detectó un desborde de números enteros: op \"%s\"
no se puede abrir st_perf.out
bucketsz[] demasiado pequeño
los indicadores -dy y -a son incompatibles
¿no se puede convertir?
discrepancia de tipo de inicialización
tipo de expresión switch incorrecta
sm_sw_caja tipográfica1??
sm_sw_caja tipográfica2??
sm_sw_caja tipográfica3??
argumento incompatible con prototipo: arg nº%d
discrepancia de tipo de asignación
expresión de conversión incorrecta
discrepancia de tipo de valor generado
¿¿sm_return??
demasiados operandos para %s
se espera exista un operando %s para %s, operando %d
operando no-%s para %s, operando %d
instrucción %s incorrecta; en espera de la lista de %ss
%s asociado a %s se halla fuera del rango: %s
se ha asociado %s a %s
nombre
cadena
asignación
expresión de número entero
expresión de número entero calculable
expresión de número entero o de coma flotante
expresión de número entero o de cadena
expresión de número entero o movible
expr_check(): expresión de tipo "bit-list" desconocida: %u
asociación de (%lu) a %s incorrecta, operando %d
capacidad máxima
Los pares de asignación o de relleno al máximo referentes\na %s se encuentran desordenados: el par %lu,%lu\nse sitúa detrás de %lu,%lu
nombre de la sección
stack de la sección vacío: demasiadas instrucciones %s
tamaño
falta el operando 2 en %s
etiqueta de sección similar
número de bytes
dot_fltbytes():instrucción desconocida: (%d) %s
instrucción no aceptada: %s
do_strmisc():instrucción desconocida: (%d) %s
demasiadas instrucciones %s
instrucción desconocida: %s
initeval():valor de CHAR_BIT erróneo: %d
el número entero utilizado para la conversión en coma flotante\nse halla fuera del rango: %s
se necesitan los valores movibles definidos en una misma sección, op -
eval():expresión nula
eval():operador desconocido: %s
eval():hoja no adecuada: %s
eval():nombre no etiquetado: %s
eval():símbolo de expresión nula: %s
eval():no se han implantado <s> y <o>
eval():RELOC sin base
evalexpr():tipo de expresión inapropiado: %u
el valor de la coma flotante es demasiado grande para la precisión\nde %s: %s
esta sección contiene únicamente bytes cuyo valor es cero: %s
flt_todata():formato de cñodigo incorrecto: %u
setlessexpr():expresión no perteneciente a ningún tipo específico;\n posibilidad de crear un bucle
flt_todata():se intentó la inicialización del objeto en coma flotante
delayexpr():no se extrajo eval de la expresión
delayexpr():no es posible volver a calcular la expresión en coma\n flotante
el nuevo cálculo de la coma flotante difiere: era
constante de coma flotante fuera del rango: %.*s
fltexpr():se intentó la creación de una expresión en coma flotante
exprfrom():contexto desconocido: %u
exprfrom():no .set sym con Cont_Set
exprfrom():.set sym con Cont_Operand
tipo de operando aociado a la expresión incorrecto, op %s
setlessexpr(): no existe una expresión para el tipo de datos simples .set
exprtype():operador desconocido: %s
exprtype():operador de hoja inadecuado: %s
exprtype():no se implantó <s>,<o>
exprtype():contexto desconocido: %u
exprtype():en contexto de la etiqueta
exprtype():en el contexto de la lista de opciones
exprtype():no .set con Cont_set
exprtype():olp==0 [1]
exprtype():olp==0 [2]
tipo de expresión asociado al operando incorrecto
setlessexpr():sin nombre .set
flt_todata():tamaño de los datos (%u) != tamaño de destino (%u)
unaryexpr():operador no unario %s
binaryexpr():operador no binario %s
cutoper():no se puede ignorar el operando amoded
printexpr():grupo desconocido asociado al operador: %s
error de lectura
final de archivo en comentario
falta la cadena que termina en \", en %s
fianl del archivo
salto de línea
error de sintaxis en %s
error de sintaxis en %s: \"%s\"
error de sintaxis en %s: %s
no se puede abrir el conducto desde m4
no se puede ejecutar fork para m4
no se puede redirigir la salida estándar para m4
no se puede ejecutar %s
no se puede generar flujo para salida de m4
la recuperación tras el error de sintaxis es imposible
se ignoró el carácter de depuración: %s
no existe un programa de depuración disponible
proceso de ensamblado bloqueado
No se puede abrir archivo de entrada
No se pueden asignar %lu bytes
where():número de archivo incorrecto: %lu
error interno:
la recuperación tras el error precedente es imposible
advertencia:
ddstr():strtab demasiado pequeño, se necesita %lu, máximo %lu
startsyms():cantidad incorrecta de símbolos
openobjf():cantidad incorrecta de secciones
No se puede abrir archivo de salida: %s
discrepancia de versión entre el ensamblador y la librería de archivos\n de objeto
no se puede inicializar el archivo de salida: %s
no se puede generar la sección: %s
no se puede generar el bloque de datos para la sección: %s
no se puede generar el encabezado de sección referente a la\nsección: %s
la dirección de reasignación se halla fuera del rango: %#lx
genrel():tipo de reasignación fuera del rango: %#lx
genrel():índice simbólico de reasignación fuera del rango: %#lx
genrel():tipo de reasignación fuera del rango: %#lx
genrela():índice simbólico de reasignación fuera del rango: %#lx
demasiadas secciones totales, el máximo es %u
closeobjf():falta la sección: %lu
no se puede escribir el archivo de salida
el tipo asociado a la sección \"%s\"  se halla fuera de rango: %#lx
el atributo asociado a la sección \"%s\" se halla fuera del rango: %#lx
no se han definido el enlace y la información del encabezado de la\n sección: %s
objfsrcstr():expresión de cadena no suministrada a la función
demasiadas secciones, el máximo es %u
objfsymbol():tipo .set definido por operando: %s
el valor asociado a \"%s\" se halla fuera del rango: %s
la asignación asociada a \"%s\" se halla fuera del rango: %#lx
objfsymbol():símbolo punto
objfsymbol():nombre regular no etiquetado: %s
la dirección asociada a \"%s\" se halla fuera del rango: %#lx
el tamaño asociado a \"%s\"  se halla fuera de rango: %#lx
objfsymbol():conexión fuera del rango: %u
el tipo asociado a \"%s\"  se halla fuera de rango: %#lx
objfsymbol():el número de la sección es demasiado grande: %lu
sección demasiado grande: %s
cadena de atributo de sección incorrecta: \"%s\"
cadena de tipo de sección incorecta: \"%s\"
la sección generada por el ensamblador no se encuentra disponible: %s
ya se definió esta sección: %s
relosect():ya posee una sección de reasignación
setvarsz():codificación de varinst más pequeña
setvarsz():codificación de varinst demasiado grande
setvarsz():tiop de código desconocido: %u
setvarsz():tipo de código erróneo (reloc)
attr_check():atributo de sección no str/int: %s
atributo de sección fuera del rango: %s
type_check():tipo de sección no -str/int: %s
tio de sección fuera del rango: %s
gencode():tipo de código desconocido: %u
gencode():tipo de código incorrecto (reloc): %u
gencode():tamaño de \"%s\" inesperado. %u
.set y .causes han dado como resultado una simulataneidad hacia atrás
sectalign():demasiados pares de asignación o de relleno al máximo: %u
sectbackalign():etiqueta bogus: %s
No se permite el rellenado entre .backalign y %s
sectbackalign():demasiados pares de asignación o de relleno al\nmáximo: %u
sectpad():ev_dot nulo
lookup():el cálculo de hash señala un valor incorrecto
lookup():nombre de longitud equivalente a cero
la etiqueta quedó definida como símbolo common: %s
set_valid():variable externa desconocida: %u
el nombre del tipo .set es indeterminable: %s
set_valid():ya tienen definido un tamaño: %s
set_valid():ya tienen definido un tipo: %s
set_valid():no existe ningún sect disponible tras la evaluacion de la\n expresión reloc
la posición asociada a %s se halla fuera del rango: %s
set_valid():sym/sect no está disponible para reloc
no se puede situar .set \"%s\" sobre un nombre no definido: %s
el nombre de .set local/global/weak no puede poseer el valor %s: %s
size_valid():tamaño de símbolo no entero: %s
el tamaño asociado a %s se halla fuera del rango: %s
tiop de símbolo asociado a %s incorrecto: \"%s\"
type_valid():tipo de símbolo no str/int: %s
type_valid():expresión asociada a tipo de objeto incorrecta
tipo de símbolo asociado a %s fuera del rango: %s
align_valid():asignación de símbolo no entero: %s
asignación asociada a %s fuera del rango: %s
valor de asignación asociado a %s incorrecto: %lu
bindsym():conexión desconocida: %d\n
ya
previamente
tipo
no se puede definir . (punto) como common
el nombre de .set no puede ser al mismo tiempo common: %s
ya se definió el símbolo de common: %s
el nombre de common no puede ser al mismo tiempo .set: %s
opersym():no existe ningún sect disponible tras la evaluacion de la\n expresión reloc
número BCD demasiado grande: %s
int_todata():longitud de BCD incorrecta: %lu
int_todata():formato incorrecto: %u
el valor no encaja en %lu bytes: %s
en espera de un operando de cadena opcional para .nopsets
cadena de atributo incorrecta: \"%s\"
se está utilizando una semántica obsoleta en los atributos .section
instrucción obsoleta ignorada: %s
uso de instrucción obsoleta ignorada: %s
addinst():mnemónico de longitud equivalente a cero
addinst():mnemónicos idénticos: %s
findinst():el cálculo de hash señala un valor incorrecto
findinst():mnemónico de longitud equivalente a cero
instrucción desconocida: %s
impdep_option():opción impdep desconocida: %#x
procesador de destino desconocido: %s
longitud de cdena de versión incorrecta: \"%s\"
(\"%s\") demasiado antiguo para la versión: \"%s\"
testigo @ antiguo incorrecto: @%s
operador @ incorrecto
operador incorrecto: @%s
registro no  válido: %%%s
carácter de entrada no válido: %s
operdor \\ no válido: \\%s
testigo del operador derecho de conmutación incorrecto
testigo del operador incorrecto: <%s>
falta > en el operador <s>
falta > en el operador <o>
testigo de registro incorrecto
la expresión movible necesita 4 bytes
la expresión movible se halla fuera del rango: %s
relocexpr():contexto de tamaño solicitado
dorelo():datos no pertenecientes a una sección determinada
relocaddr():no movible
relocaddr():modificador de PIC erróneo %#x
relocpcrel():modificador de PIC erróneo %#x
operinst():ya se verificaron todos los operandos
printoperand():operando inalterable complejo: %u
printoperand():ajustar a escala sin índice
extyamode():elemento inalterable sin expresión
setamode():operando de expresión simple
setsubst():¿tipo de símbolo desconocido?
setsubst():no puede seguir la cadena .set
el operando debe ser un número entero o movible
uso incorrecto del registro en el operando: %s
la sustitución de .set genera un operando incorrecto
do_oper():¿se han verificado todos los operandos?
el elemento inalterable debe ser un número entero o movible
indirecto '*' incorrecto en esta posición
registro de segmento incorrecto: %s
la sustitución del segmento con el operando de registro no es efectiva
chk1oper(): registro ambiguo
la base debe estar compuesta de un registro de 32 bits: %s
el índice debe estar compuesto de un registro de 32 bits: %s
el registro del índice no puede ser %%esp
la escala debe corresponder a un número entero cuyo valor\nsea 1, 2, 4 ó 8
operando .nopsets incorrecto: \"%s\"
operandos insuficientes: %s
demasiados operandos: %s
el operando debe ser \"(%%dx)\" o una constante
chk_inout(): tamaño incorrecto
chk_mov(): registro especial ambiguo
operando de memoria demasiado grande
gen_getregno(): sin expresiones
gen_getregno(): no es un registro
gen_value(): no se puede dominar el tamaño %d
gen_lit(): sin expresiones
gen_lit(): tipo de expresión incorrecto
el valor de la constante no encaja
sólo se podrá mover una constante de 4 byes
gen_slashr(): tipo de expresión incorrecto
alcance del desplazamiento demasiado grande
el punto de destino situado en la rama se halla demasiado distante
gen_ent(): ha sido llamado para obtener tamaño
se requiere la utilización de '*' para obtener el modo de dirección
gen_nop(): ha sido llamado para obtener tamaño
la sustitución del segmento mediante la rama condicional no es efectiva
la sustitución del segmento asociado a la instrucción no ha surtido\n efecto
falta la coma en el argumento -Y
falta la(s) clave(s) del argumento -Y\n
clave -Y incorrecta: %s\n
(EOF):%s
%s:%lu:%s
%s:%lu:(en %s:%lu):%s
%s:%lu:(en línea %lu):%s
\t...demasiados errores\n
Uso:  [-Qyn] [-VTRmn] [-Ydm,dir] [-o archivo_salida] [-t destino] archivo ...\n
%s para nombre especificado varias veces: %s
nombre especificado varias veces: %s
nombre no especificado: %s
especificación inoperante de tamaño y/o tipo correspondiente al nombre:\n %s
nombre %s limitado a %s: %s
-YP y -Y%c pueden no especificarse al mismo tiempo
los indicadores -dy y -r son incompatibles
se ignora -Bsimbólico al generar un archivo ejecutable dinámico
se ignora -h al generar un archivo ejecutable estático
los indicadores -dn y -b son incompatibles; se ignora -b
-dn y -h son incompatibles; se ignora -h
los indicadores -dn y -ztext son incompatibles; se ignora -ztext
los indicadores -dn y -Ddynamic son incompatibles
los indicadores -dn y -G son incompatibles
no se permite el uso delas opciones -a -r en esta versión de ld
se ha definido tanto -r como -s; sólo se eliminó la información del\nprograma de depuración
los indicadores -r y -l son incompatibles; se ignora -l
-M y -dy son incompatibles
no se autoriza el uso de -M cuando no se genera un archivo ejecutable\n estático
no aparece la especificación de archivos en la línea de comando de\n entrada
se utilizó -d en repetidas ocasiones
opción -d %s no autorizada
-e especifica numerosos puntos de entrada al programa
-h especifica numerosos nombres de archivo de salida asociados a una\n estructura dinámica
-l especifica numerosas vías de acceso interpretativas
-o especifica numerosos nombres de archivos de salida 
 -r utilizado en repetidas ocasiones
el comportamiento de -x es obsoleto
-zdefs/nodefs aparece en repetidas ocasiones: se tiene en cuenta la\n última
-zdefs/nodefs aparece en repetidas ocasiones - se tiene en cuenta la\n última
opción -z %s no autorizada
opción -B %s no autorizada
se especificó más de un mapfile
-Q aparece en repetidas ocasiones: se tiene en cuenta la primera\n configuración
argumento incorrecto asociado al indicador -Q, ignorado
opción -Y %s no autorizada
no se puede abrir el archivo en modo lectura
Error interno del comando ld: cur_file_ptr nulo
%s: tipo incorrecto de máquina
%s: la versión de la librería ELF del creador es más reciente que la\n última version conocida para Id
%s: clase incorrecta de máquina
%s: orden incorrecto de bytes correspondientes a la codificación de\n datos
sección %s: la tabla de cadenas asociada a los nombres de símbolo\n no es del tipo tabla de cadenas
sección %s: tabla de cadenas incorrectamente creada, byte inicial o\n final
conversión interna del archivo COFF a ELF
objeto de entrada compartido en modo estático
es un tipo de archivo elf no autorizado
el tipo de achivo no es ni objeto ni respaldo
sólo se considera correcta la sección `%s` de la librería estática\n compartida cuando se genera un archivo ejecutable
se encontró una sección DYNAMIC en el archivo de objeto movible
puede existir un conflicto entre el tipo de sección 0x%x y el tipo\n definido por el sistema
tipo de sección 0x%x desconocido
la sección `%s` de la librería estática compartida aparece en el\n archivo de objeto compartido
lib%s: nombre de librería demasiado largo
nombre de vía de acceso \"%s/lib%s\" demasiado largo
no se encontró la librería: -l%s
LD_LIBRARY_PATH posee un formato incorrecto
la vía de acceso de la librería por defecto -YP tiene un formato\n incorrecto
error libelf: no se puede obtener el miembro del respaldo en la\n posición 0x%x 
imposible de leer el encabezado ELF referente al miembro de respaldo\n en posición 0x%x
elf_getehdr: 
tipo de archivo erróneo en miembro de respaldo en posición 0x%x
libelf está anticuado
se ha asignado la misma dirección virtual a dos segmentos %s y %s
mapfile: %d: carácter '\\%03o' no autorizado en mapfile
mapfile: %d: la cadena no termina con comillas
no se puede efectuar stat(2) en mapfile \"%s\"
no se puede abrir el mapfile \"%s\"
%s: falló la lectura
%s: %d: se espera aparezca un nombre de segmento al principio de\n una línea
%s: %d: no se deben modificar los segmentos 'interp' y 'dynamic'
%s: %d: se espera aparezcan uno o más atributos de segmento después\n de un '='
%s: %d: se han fijado indicadores en varias posiciones de la misma\n línea
%s: %d: indicadores de segmento desconocidos '%s'
%s: %d: se ha definido el tipo en varias posiciones de la misma línea
%s: %d: número generado incorrectamente en la dirección o longitud\n de segmento '%s'
%s: %d: se ha definido la longitud en varias ocasiones en la misma\n línea
%s: %d: se ha definido la dirección virtual en varias posiciones de\n la misma línea
%s: %d: se ha definido la dirección física en varias posiciones de\n la misma línea
%s: %d: se ha definido la asignación en varias posiciones de la\n misma línea
%s: %d: atributo de segmento desconocido '%s'
%s: %d: modificando los atributos existentes
%s: %d: no se permite el uso de indicadores en los segmentos no-LOAD
%s: %d: no se permite el uso de direcciones virtuales en los\n segmentos no-LOAD
%s: %d: no se permite el uso de direcciones físicas en los\n segmentos no-LOAD
%s: %d: no se permite esta longitud en los segmentos no-LOAD
%s: %d: no se permiten asignaciones en los segmentos no-LOAD
%s: %d: EOF prematuro
%s: %d: se ha especificado más de un tipo de sección
%s: %d: tipo de sección desconocido '%s'
%s: %d: se ha especificado más de un atributo de sección
%s: %d: grupo de atributos generado incorrectamente '%s'
%s: %d: se ha especificado más de un nombre de sección
%s: el segmento %s ya dispone de un símbolo de tamaño
%s: ya se ha definido el símbolo %s
%s: se espera aparezca un nombre de símbolo tras '$'
%s: %d: se espera un PUNTO Y COMA
%s: %d: se espera un '=', ':', o '$'
%s: %d: tipo de segmento interno %d
%s: %d: sólo se permite un segmento INTERP
tipo de sección no autorizado en estructura mapfile
símbolo `%s` del punto de entrada no definido
no se puede crear el archivo de salida
no se puede abrir el encabezado elf del archivo de salida
quedan asignaciones por efectuar en la sección asignable pero sin\n derechos de escritura: %s\n
error interno, se ha definido un indicador s para las asignaciones de\n salida de la sección de salida %s
no existe una sección de definición para el símbolo: %s  en\n el archivo: %s
Símbolo referente a los errores. No se ha escrito el resultado en %s
Símbolo referente a los errores.
tipos incompatibles para el símbolo: `%s` también en el archivo %s
tamaños incompatibles para el símbolo: `%s` también en el archivo %s
el tamaño mayor de la definición provisional prevalece sobre el\n tamaño del símbolo `%s`
intento de hacer prevalecer el tamaño de la definición provisional\n sobre el tamaño previamente definido del símbolo `%s`
símbolo: `%s` tiene un tamaño diferente en el archivo %s
el símbolo definido de forma provisional `%s` aparece en un archivo\n de objeto compartido
el símbolo definido de forma provisional `%s` posee una asignación\n diferente en el archivo %s
el símbolo definido de forma provisional `%s` aparece con un tipo\n diferente de STT_OBJECT en el archivo de salida o %s
el símbolo definido de forma provisional `%s` aparece en archivo de\n objeto compartido
el símbolo definido de forma provisional `%s` aparece en el archivo\n de objeto compartido %s
el símbolo `%s` está definido en varias ocasiones en dos archivos de\n objeto compartido %s: tamaño = %d; %s: tamaño = %d
símbolo `%s` definido en varias ocasiones, también enel archivo %s
la tabla de símbolos posee un tamaño igual a 0
la tabla de símbolos posee un tamaño de entrada erróneo
definición incorrecta de la sección local en el archivo; sección %s\n definida con el tipo %s
se encontró el símbolo `%s` no_global en la sección global de la\n tabla de símbolos
No se encontraron segmentos de sólo lectura. Definiendo `%s` a 0.
No se encontraron segmentos de lectura-escritura. Definiendo `%s` a 0.
se encontró el símbolo sin definir `%s` con valor diferente de cero
Definiendo `%s` y `%s` a 0
las direcciones del segmento definido por el usuario se superponen; el\n segmento anterior se superpone al segmento llamado: %s, dirección\n actual = %#x, dirección del segmento = %#x
el tamaño del segmento %s es mayor que el definido por el usuario
error interno ld: se transfirió la lista nula a list_append
error interno ld: se transfirió el final de la lista nula a list_append
error interno: intento de inserción de lista después de un puntero nulo
error interno: intento de inserción de lista al final de una lista nula
elf_begin: 
elf_cntl: 
elf_end: 
elf_fsize: 
elf_getarhdr: 
elf_getarsym: 
elf_getdata: 
elf_newdata: 
elf_getident: 
elf_newphdr: 
elf_getscn: 
elf_ndxscn: 
elf_newscn: 
elf_getshdr: 
elf_rand: 
elf_strptr: 
elf_update: 
memoria insuficiente para asignar %d bytes
tipo de reasignación desconocido %d en la sección %s del archivo %s
error interno: no se encontró `_DYNAMIC` enal tabla de símbolos ld
se ha solicitado una reasignación con el símbolo local %s sin definir\n durante el procesamiento del archivo %s
uso: %sld [-abmrstGVd:e:h:l:o:u:z:B:I:L:M:Q:Y:] archivo(s) ...\n
\t[-a crea un archivo absoluto]\n
\t[-b no efectúa ninguna reasignación PIC especial en a.out]\n
\t[-m imprime la asignación de memoria]\n
\t[-r crea un archivo movible]\n
\t[-s descarta la información relativa a símbolos y depuración]\n
\t[-t no avisa de la existencia de símbolos definidos\n\tcon tamaños diferentes]\n
\t[-G crea un objeto compartido]\n
\t[-V imprime la información referente a la versión]\n
\t[-d y|n funciona en modo dinámico|estático]\n
\t[-e sym usa sym como ubicación inicial del texto]\n
\t[-h nombre usa el nombre como cadena interna de objeto compartido]\n
\t[-l x efectúa una búsqueda de libx.so o libx.a]\n
\t[-o archivo_salida nombra el archivo de salida]\n
\t[-u nombre_símbolo crea un nombre de símbolo no definido]\n
\t[-z defs|nodefs  prohíbe|permite símbolos no definidos]\n
\t[-z texto prohíbe reasignaciones de salida con respecto al texto]\n
\t[-B dynamic|static busca librerías|respaldos compartidos]\n
\t[-B symbolic asocia las referencias\n\t\texternas a las definiciones al crear objetos compartidos]\n
\t[-I interp utiliza interp como nombre de vía de\n\t\tacceso del intérprete]\n
\t[-L vía   busca librerías en la vía de acceso del directorio]\n
\t[-M archivo_asignación   us las instrucciones de procesamiento\n\t\tque se incluyen en el archivo de asignación]\n
\t[-Q y|n sitúa o no la información de versión en el archivo de salida]\n
\t[-YP,lista_directorio usa lista_directorio como vía de acceso por\n\tdefecto al buscar librerías]\n
reasignaciones referenciadas\n\tdesde el (los) archivo(s)\n
\t%s\n
Sin definir\t\t\tprimera reasignación referenciada\
 símbolo  \t\t\t    en archivo\n
%-35s %s\n
SIMBOLOS GLOBALES: \n
shndx\ttipo\tconectar\ttamaño\tvalor\toutndx\tnombre\tnivel\n
0x%x\t%d\t%d\t%d\t0x%x\t%d\t0x%x\t%s\t%d\n
%s: aviso: 
 aviso: 
%s: advertencia: 
 advertencia: 
%s: error fatal: 
 error fatal: 
%s: error libelf: 
 error libelf: 
%s: error del sistema: 
 error del sistema: 
%s: error interno: nivel de error desconocido
 error interno: nivel de error desconocido

utilizando stdin y stdout por defecto\n
utilizando stdout por defecto\n
falta el final de la función
falta el comienzo de la función
matriz de cobertura de 0 bytes
CAopen(): no se puede abrir %s\n
el parámetro es un puntero nulo

error en fprint
CAopen(): falta la opción -x o -l\n
uso: basicblk [-Q] [-x|l] [in] [out]\n
CAinstr(): %s\n
CAsize(): %s\n
Almacenamiento insuficiente
yylex(): %s\n
CAopen(): %s\n



CAmerge: imposible asignar archivos temporales suprimibles\n
CAmerge: no se aceptó el archivo temporal suprimible\n
CAmerge: código de resultado desconocido\n
falló la verificación del tamaño de la matriz de cobertura\n
falló el intento de copia de archivo\n
\t***NINGUNO***\n
EOF inesperado\n
 no se puede abrir %s\n
 espacio insuficiente, posibilidad de errores de impresión en esta función\n
  Espacio insuficiente\n
  Espacio insuficiente
 la opción -m debe acompañar a la opción -d\n
 la opción -d debe acompañar a la opción -m\n
 la opción -m debe acompañar a la opción -T\n
 discrepancia de argumentos\n
 Merge (-m) necesita como mínimo dos archivos.\n
 Merge (-m) no permite el uso de nombres duplicados.\n
  Combinación de opciones no autorizada\n
Uso:\tlprof [-V] -m darchivo1 darchivo2[ darchivo(n)] -d archivo_dest [-T]\n
       lprof [-Vsxlp] [-I dir_inclusión] [-r archivo_origen]\n\t[-c archivo_cuenta] [-o programa]\n
CAmerge: La marca horaria suprime la especificada con anterioridad, pero no\npuede fusionar los archivos estadísticos\n
Los archivos estadísticos pueden no basarse en la misma versión del programa de\norigen\n
CAmerge: No se pueden fusionar los archivos estadísticos\n
CAmerge: %s\n
***'%s' rechazado***\n
*** resultado no fusionado ***\n
***imposible de introducir el resultado en '%s', se puede recuperar a partir de '%s'***\n
`%s' creado\n
Se han especificado una cantdad insuficiente de nombres CNTFILE.\n
CAreport: se transfirió un puntero erróneo\n
***bo se puede acceder a CNTFILE '%s'***\n
***sin datos de cobertura 
para el archivo de objeto '%s'
en CNTFILE '%s'***
***no se puede accedea al archivo de objeto '%s'***\n
 %s: Advertencia - conversión interna de archivo COFF a ELF\n
No se encontraron archivos de origen.\n\n
CArepthdr: tipo de informe desconocido\n
%s figura dos veces en la lista de archivos, se ignora la segunda referencia\n
 no se puede acceder a %s\n
     ignorando el archivo de origen %s\n
 no se encontró el archivo %s en el archivo de objeto\n
 la indexación de la tabla de símbolos es incorrecta en el archivo ejecutable\n asociado a %s\n
     Si utilizó la opción -r, no encontró la función en estos archivos\n
 la función %s figura dos veces en la lista, se ignora la segunda referencia\n
 se encontraron dos funciones con los mismos números de línea pero nombres\n diferentes\n

Fecha relativa al Origen de los Datos de Cobertura: %.24s\n
Objeto: %s\n\n
porcentaje   líneas   total\tfunción\n
cubierta   cubierta  líneas\tnombre\n\n: nombre
No existen líneas en la función %s\n
%6.1f%8ld%8ld\t%s\n
\n%6.1f%8d%8d\tTOTAL\n
  SE HAN EDITADO LOS DATOS REFERENTES AL PERFIL \n
  LOS DATOS REFERENTES AL PERFIL SE CREARON CON UNA VERSIÓN DIFERENTE DE\n  LPROF/XPROF\n
 EL TIPO DE MÁQUINA CNTFILE NO CONCUERDA CON ESTA MÁQUINA\n
\tLOS DATOS PUEDEN SER INCOMPRENSIBLES, POSIBILIDAD DE ERRORES\N\n
  CNTFILE INCOMPLETO, POSIBILIDAD DE DATOS ERRÓNEOS \n
  LA MARCA HORARIA DEL ARCHIVO DE OBJETO ES DIFERENTE DE LA QUE ERA AL GENERAR\n  EL PERFIL\n
\tsE REGISTRARON LOS DATOS. SI SE HA MODIFICADO EL ARCHIVO, EXISTE LA\n\tPOSIBILIDAD DE ERRORES\n
***datos de cobertura asociados a la función '%s', archivo de objeto '%s',\n
\tno encontrado en covfile '%s'***\n
no se encontró la función '%s'\n
falló la asignación de estructura dinámica
covfile: falló la operación de lectura de la entrada que especifica un archivo objeto

falló la operación de escritura del nuevo covfile
_CAcomp_covf: falló la escritura del encabezado del covfile\n
falló la lectura del encabezado del covfile
_CAobj_entry: la tabla de archivos objeto en covfile está llena\n
_CAobj_entry: imposible abrir el archivo de objeto\n
_CAhead_compare falló.
CAobj_match generó un código incorrecto.
_CAobj_compare generó un código incorrecto.
CAor generó un código erróneo.

CAadd_flist generó un código erróneo

_CAcomp_covf generó un valor erróneo.

_CAfree_list generó un código erróneo
CAobj_match/_CAobj_compare generó un valor erróneo
_CAcov_join: %s\n
'%s'\n
   El destino %s es similar al origen %s.\n
   No se efectuó ninguna fusión.\n
   Imposible encontrar %s\n
'%s', '%s'\n
  Entrada %s errónea.\n
   Fallo del encabezado.\n
   fallo del indicador COMP; no se ha efectuado una sustitución\n
    fallo del indicador COMP; se ha efectuado la sustitución especificada\n
   Imposible acceder a los datos del archivo de objeto.\n
   Las marcas horarias de entrada del archivo de objeto no coinciden.\n
   Se efectuó la sustitución por defecto.\n
   No se especificó la sustitución.\n
   Los nombres y marcas horarias de entrada del archivo de objeto no coinciden.\n
   Los nombres del archivo de objeto no coinciden, las marcas horarias sí.\n
   Imposible generar COVFILE\n
   Error FATAL\n
   Se encontró un EOF inesperado.\n
   No se efectuó ninguna fusión en este archivo de objeto.\n
   Entrada %s incompleta, la sustitución se toma como valor por defecto.\n
   No se encontró la función en el archivo de objeto: '%s'\n
   Imposible fusionar datos.\n
   Datos copiados de '%s'\n
   Imposible crear una nueva entrada de archivo de objeto.\n
   Imposible crear una nueva entrada de función.\n
libprof: %s: Advertencia - conversión interna de archivo COFF a ELF\n
opción PROFOPTS no reconocida: %s\n



_CAobj_entry: %s\n
_CAcreate_covf: %s\n
_CAcomp_covf: %s\n
_CAdata_entry: %s\n
No se encuentra la dirección de base asociada a %s.
***imposible escribir los datos referentes al perfil\n
No se encuentra la asignación de enlaces.
No se encuentra la entrada de asignación de enlaces del archivo de objeto compartido.
Imposible crear un nombre de archivo temporal.
Imposible localizar el archivo %s en la información del programa de depuración.\n
El nombre de archivo %s ha sido utiliizado en repetidas ocasiones.
Imposible localizar la información de línea asociado a la función %s.
FORM_value %#x incorrecto para el tipo de atributo %#x\n
No se puede encontrar un nombre correspondiente.
Ubicación desconocida del archivo en este proceso.
%s %s en %s.
nombre de archivo ejecutable nulo\n
%s %s.
Librería elf anticuada
%s %d en %s.
calloc: Espacio insuficiente
realloc: Espacio insuficiente
Los nombres del archivo de objeto perfilado son diferentes, pero las marcas\nhorarias coinciden.\n
\tSe considera que el archivo de objeto es el correcto.***\n
falló _symintOpen referente a '%s'\n
***Imposible crear un archivo donde guardar los datos referentes al perfil.\n
CNTFILE `%s' actualizado\n
***Imposible fusionar los  resultados.\n
CNTFILE `%s' generado\n
***Imposible colocar los datos de perfil en `%s'.\n
*** No se pueden recuperar los datos del perfil del proceso `%s'.\n
_CApfind: memoria insuficiente\n
Se pueden recuperar los datos de esta ejecución en `%s'.\n
Volcado de datos de perfil del proceso '%s' . . .\n
%s: %s\n
Opción desconocida \"%c\"\n
campo opn asociado a %s incorrecto\n
espacio insuficiente\n
demasiados nombres de archivo\n
no existe un argumento para la opción -i\n
no existe un argumento para la opción -o\n
no se puede abrir %s\n
se requiere la etiqueta del bloque no existente\n
optimización desconocida referente a ebboptim\n
MARC: el desplazamiento es %d\n
no se puede obtener el descriptor de archivo\n
No se puede abrir el archivo %s\n
falta la opción incorporada (-y)\n
opción incorporada (-y) incorrecta\n
Formato de entrada erróneo\n
parse_com: asm desequilibrado.\n
parse_regal: falta el campo de peso\n
parse_regal: tipo #REGAL no autorizado:\n\t%s\n
parse_regal: nombre no autorizado en #REGAL\n
parse_regal: falta la longitud\n
parse_regal: problema relacionado con la instalación de un regal\n
parse_alias: falta la longitud\n
parse_pseudo(): instrucción .size no reconocida\n
no se puede eliminar el puntero de trama.\n
parse_section(): sin nombre de sección\n
plookup(): pseudo_op no autorizado: %s\n
falta la subopción -%c\n
subopción -K no autorizada\n
subopción -Q no autorizada\n
-X requiere 't', 'a', o 'c'\n
-_ requiere 'r' o 'e' o 's'\n
subopción -386 no autorizada\n
subopción -486 no autorizada\n
subopción -586 no autorizada\n

no se encuentra numauto\n
process_push_pop(): push pop inadecuado\n
getstmnt: espacio de buffer insuficiente\n
ExtendCopyBuf: nuevo tamaño <= tamaño anterior\n
ExtendCopyBuf: espacio insuficiente\n

lookup_regal: falló la instalación - %s\n
no se puede generar la lista regals\n
remove_aliases: las longitudes no son similares\n
imposible crear listas de etiquetas\n
rald: pérdida de fin de función\n
raparam: imposible encontrar restauraciones de registros de usuario\n
Lista de candidatos vacía\n
se obtuvo una posición de esponente negativa\n

no hay registros disponibles\n
no hay registros para liberar\n
Longitud de operando inesperada\n
error interno de fp stack definido \n
sched: get_reg con %s y no registro\n
no se encontró el registro %d en el stack\n
Optimizador: 
%d rama(s) añadida(s) a la función %d\n
se rechazaron %d de un total de %d instrucciones\n
%ld bytes utilizados, %ld asignados\n%d función(es), %d optimizador(es)\n
caja tipográfica\tnúmero\n
%2d\t%3d\n
%d instrucción(es) inalcanzable(s) suprimida(s)\n
%d rama(s) guardada(s)\n
%d instrucción(es) fusionada(s)\n
%dbucle(s) rotado(s)\n
 %s%s\n

error del optimizador: 
pérdida del archivo temporal\n
error del optimizador: pérdida del archivo temporal asm\n
EL CASO SE PRESENTA\n
existencia de bucles en el seno de este bucle: %d\n
______________________dependientes_______________\n
padres: %d  
_________________anti_dependientes______________\n

__________________"agi"_dependientes_______________\n
__________________"may"_dependents_______________\n
/%s 
NUL
: %s
: %s\n
 <error=%d>\n
:
gen_seg_override(): no hay segmentos
ADVERTENCIA: línea de origen no concordante.\n
%s %s, ahora %s
coma flotante
coma flotante de doble precisión
-desconocido-
%s reubicable
%s está basado en el nombre definido
%s está basado en el nombre no definido
ninguno
objeto
función
num_init(): parámetros del paquete numérico incorrectos
num_init(): la tabla de potencias de 10 está demasiado abreviada
highbitno(): resultado diferente de cero pero sin bits definidos: %lu
num_snarrow(): cantidad de bits incorrecta: %u
num_unarrow(): cantidad de bits incorrecta: %u
num_fromslong(): no se puede asignar número
baddig(): base incorrecta: %d
num_fromstr(): no se puede asignar número
num_fromstr(): no se puede asignar cadena
la instrucción contiene un espacio en blanco no autorizado
podría haber una instrucción no portable en la lista de argumentos de la macro
se ha interpretado como una instrucción #line
instrucción incorrecta
línea de control del compilador incorrecta en el archivo \".i\"
la instrucción es una extensión ANSI C de compatibilidad ascendente
error de lectura: "), "
carácter nulo en la entrada
se reemplazó la secuencia compuesta de 3 caracteres
el carácter de interlínea no es el último carácter del archivo
EOF en la lista de argumentos de la macro
uso incorrecto del operador \"defined\"
error de E/S de stdout
uso: [-BCEHPV] [-Anombre[(valor)] ...] [-Dnombre[=valor] ...] [-Unombre ...]\n[-Idir ...] [-X[tac]] [-Ydirectorio] [entrada [salida]]"
demasiados errores
los indicadores -Bhide y -Bexport no pueden incluir listas de símbolos
los indicadores -Bhide y -Bexport son incompatibles
los indicadores -dn y -Bexport son incompatibles
los indicadores -dn y -Bhide son incompatibles
la opción -Bexport posee un formato no autorizado
la opción -Bhide posee un formato no autorizado
\t[-B se visualizan los símbolos globales\n\t\t de exportación una vez fuera del archivo ejecutable]\n
\t[-B no se pueden visualizar los símbolos globales\n\t\t de ocultamiento una vez fuera del objeto compartido]\n
no se puede exportar el símbolo `%s`; no se trata de un símbolo global
no se puede ocultar el símbolo `%s`; se trata de un símbolo global sin definir
no se puede ocultar el símbolo `%s`; ha de tratarse de un símbolo\n definido como global o débil
no se puede exportar el símbolo `%s`; ha de tratarse de un símbolo\n global o débil
los indicadores -dn y -Bbind_now son incompatibles
tipo de reasignación %d no autorizada en la sección %s del archivo %s
fallo al cerrar objeto compartido
No se puede ocultar el símbolo\n
%s\n
se han de definir los símbolos ocultos como globales o como débiles
No se puede exportar el símbolo\n
se han de definir los símbolos exportados como globales o como débiles

-A no se encuentra disponible en el modo C++, queda ignorado\n
Uso: CC [ -%s ] archivos ...\n

La parte reservada al nombre del archivo %s está vacía\n
Falló el pre-enlazador\n
no se puede acceder al archivo %s\n

No se puede leer el archivo %s\n
no se puede abrir el archivo %s en modo escritura\n
No se puede escribir el archivo %s\n




imposible depurar el archivo ejecutable %s\n

no se puede redirigir el descriptor de archivo %d\n

\t[-f]: prepara el código para la herramienta del sistema de archivos\n\tStandard Components.\n
la inclusión y la definición de perfil del bloque básico se excluyen mútuamente;\ninclusión desactivada\n
La opción -T requiere un argumento\n
Argumento no autorizado en el indicador -T, '-T %s'\n
\t[-K [c++_inline|no_inline|inline]]: controla el grado de\n
\t\tinclusión de la función.\n
\t[-T [none|local|used|all]]: controla ocurrencias de plantillas.\n
\t[-T auto]: activa automáticamente la ocurrencia de plantillas.\n
\t[-w]: causa que el compilador suprima los mensajes de advertencia.\n
las opciones -v y -w se excluyen mútuamente; -w desactivada\n
los procesos de depuración e inclusión excluyen mútuamente; inclusión\ndesactivada\n
Ignorando el #pragma section_map erróneo
Ignorando el #pragma erróneo %s
se ha excedido el límite de inclusión de funciones de %d o el límite de nodos %d
\tno se obtendránlos beneficios máximos de la inclusión
no se puede incluir la función %s con una lista de argumentos de variables
no se puede incluir la función %s cuyo resultado es una estructura, unión o clase
no se puede incluir la función %s que posee un parámetro formal del tipo estructura, unión o clase
no se puede incluir la función %s que posee una variable local estática
no se puede incluir la función %s
se encontró una recurrencia; no se puede incluir la función %s
no se puede incluir la función %s dentro de la inicialización de bucle
no se puede incluir la función %s como operando de un operador que comporta dos puntos
no se puede incluir la función %s como operando derecho de una expresión\n con &&, || o comas
no se puede incluir la función %s - discrepancia en el número de argumentos
no se puede incluir la función %s - discrepancia en el tipo de argumentos
-Kminabi será suprimido en la próxima versión
Solo se especificaron las entradas para el editor de montaje, pero las opciones\nsuprimen el editor de montajes\n
%s: nombre acordado a la librería demasiado largo
%s%s: vía de acceso de la librería demasiado larga
no se encuentra la librería %s; %s la NECESITA
no se puede tomar la dirección del objeto de tipo void
se está utilizando una dimensión fuera de alcance: %s
